2020-10-20 17:37:15 [INF] inital.go:68 | actionstart init config
2020-10-20 17:37:17 [INF] inital.go:112 | actionsuccess init config
2020-10-20 17:37:17 [INF] main.go:82 | actionsuccess init http serveraddr:7474
2020-10-20 17:37:17 [INF] cluster.go:13 | 任务计划参数->false
2020-10-20 17:37:17 [INF] mux_handle.go:16 | actionstart init service
2020-10-20 17:37:17 [INF] mux_handle.go:32 | actionsuccess init service
2020-10-20 17:38:28 [INF] server.go:116 | requestUri:/cluster/v1/podLog?namespace=default&podName=nginx-8548b75d98-xhslv header:{"Accept":["application/json"],"Accept-Encoding":["gzip, deflate, br"],"Accept-Language":["zh-CN,zh;q=0.9"],"Connection":["keep-alive"],"Origin":["http://localhost:7475"],"Referer":["http://localhost:7475/swagger/index.html"],"Sec-Fetch-Dest":["empty"],"Sec-Fetch-Mode":["cors"],"Sec-Fetch-Site":["cross-site"],"User-Agent":["Mozilla/5.0 (Windows NT 10.0; Win64; x64) AppleWebKit/537.36 (KHTML, like Gecko) Chrome/81.0.4044.138 Safari/537.36"]} body:
2020-10-20 17:40:36 [INF] server.go:116 | requestUri:/cluster/v1/podLog?namespace=default&podName=nginx-8548b75d98-xhslv header:{"Accept":["application/json"],"Accept-Encoding":["gzip, deflate, br"],"Accept-Language":["zh-CN,zh;q=0.9"],"Connection":["keep-alive"],"Origin":["http://localhost:7475"],"Referer":["http://localhost:7475/swagger/index.html"],"Sec-Fetch-Dest":["empty"],"Sec-Fetch-Mode":["cors"],"Sec-Fetch-Site":["cross-site"],"User-Agent":["Mozilla/5.0 (Windows NT 10.0; Win64; x64) AppleWebKit/537.36 (KHTML, like Gecko) Chrome/81.0.4044.138 Safari/537.36"]} body:
2020-10-20 17:41:48 [INF] server.go:116 | requestUri:/cluster/v1/podLog?namespace=default&podName=nginx-8548b75d98-xhslv header:{"Accept":["application/json"],"Accept-Encoding":["gzip, deflate, br"],"Accept-Language":["zh-CN,zh;q=0.9"],"Connection":["keep-alive"],"Origin":["http://localhost:7475"],"Referer":["http://localhost:7475/swagger/index.html"],"Sec-Fetch-Dest":["empty"],"Sec-Fetch-Mode":["cors"],"Sec-Fetch-Site":["cross-site"],"User-Agent":["Mozilla/5.0 (Windows NT 10.0; Win64; x64) AppleWebKit/537.36 (KHTML, like Gecko) Chrome/81.0.4044.138 Safari/537.36"]} body:
2020-10-20 17:43:31 [INF] server.go:116 | requestUri:/cluster/v1/podLog?namespace=default&podName=nginx-8548b75d98-nqtgp header:{"Accept":["application/json"],"Accept-Encoding":["gzip, deflate, br"],"Accept-Language":["zh-CN,zh;q=0.9"],"Connection":["keep-alive"],"Origin":["http://localhost:7475"],"Referer":["http://localhost:7475/swagger/index.html"],"Sec-Fetch-Dest":["empty"],"Sec-Fetch-Mode":["cors"],"Sec-Fetch-Site":["cross-site"],"User-Agent":["Mozilla/5.0 (Windows NT 10.0; Win64; x64) AppleWebKit/537.36 (KHTML, like Gecko) Chrome/81.0.4044.138 Safari/537.36"]} body:
2020-10-21 09:13:52 [INF] inital.go:68 | actionstart init config
2020-10-21 09:13:54 [INF] inital.go:112 | actionsuccess init config
2020-10-21 09:13:54 [INF] main.go:82 | actionsuccess init http serveraddr:7474
2020-10-21 09:13:54 [INF] cluster.go:13 | 任务计划参数->false
2020-10-21 09:13:54 [INF] mux_handle.go:16 | actionstart init service
2020-10-21 09:13:54 [INF] mux_handle.go:32 | actionsuccess init service
2020-10-21 09:14:41 [INF] server.go:116 | requestUri:/cluster/v1/nodes header:{"Accept":["application/json"],"Accept-Encoding":["gzip, deflate, br"],"Accept-Language":["zh-CN,zh;q=0.9"],"Connection":["keep-alive"],"Content-Length":["0"],"Origin":["http://localhost:7475"],"Referer":["http://localhost:7475/swagger/index.html"],"Sec-Fetch-Dest":["empty"],"Sec-Fetch-Mode":["cors"],"Sec-Fetch-Site":["cross-site"],"User-Agent":["Mozilla/5.0 (Windows NT 10.0; Win64; x64) AppleWebKit/537.36 (KHTML, like Gecko) Chrome/81.0.4044.138 Safari/537.36"]} body:
2020-10-21 09:14:43 [DBG] service.go:127 | 获取节点列表失败,err:Get "https://127.0.0.1:6443/api/v1/nodes": dial tcp 127.0.0.1:6443: connectex: No connection could be made because the target machine actively refused it.
2020-10-21 09:15:13 [INF] server.go:116 | requestUri:/cluster/v1/nodes header:{"Accept":["application/json"],"Accept-Encoding":["gzip, deflate, br"],"Accept-Language":["zh-CN,zh;q=0.9"],"Connection":["keep-alive"],"Content-Length":["0"],"Origin":["http://localhost:7475"],"Referer":["http://localhost:7475/swagger/index.html"],"Sec-Fetch-Dest":["empty"],"Sec-Fetch-Mode":["cors"],"Sec-Fetch-Site":["cross-site"],"User-Agent":["Mozilla/5.0 (Windows NT 10.0; Win64; x64) AppleWebKit/537.36 (KHTML, like Gecko) Chrome/81.0.4044.138 Safari/537.36"]} body:
2020-10-21 09:58:28 [INF] inital.go:68 | actionstart init config
2020-10-21 09:58:30 [INF] inital.go:112 | actionsuccess init config
2020-10-21 09:58:30 [INF] cluster.go:13 | 任务计划参数->false
2020-10-21 09:58:30 [INF] main.go:82 | actionsuccess init http serveraddr:7474
2020-10-21 09:58:30 [INF] mux_handle.go:16 | actionstart init service
2020-10-21 09:58:30 [INF] mux_handle.go:32 | actionsuccess init service
2020-10-21 09:59:37 [INF] server.go:116 | requestUri:/cluster/v1/nodes header:{"Accept":["application/json"],"Accept-Encoding":["gzip, deflate, br"],"Accept-Language":["zh-CN,zh;q=0.9"],"Connection":["keep-alive"],"Content-Length":["0"],"Origin":["http://localhost:7475"],"Referer":["http://localhost:7475/swagger/index.html"],"Sec-Fetch-Dest":["empty"],"Sec-Fetch-Mode":["cors"],"Sec-Fetch-Site":["cross-site"],"User-Agent":["Mozilla/5.0 (Windows NT 10.0; Win64; x64) AppleWebKit/537.36 (KHTML, like Gecko) Chrome/81.0.4044.138 Safari/537.36"]} body:
2020-10-21 10:05:27 [INF] inital.go:68 | actionstart init config
2020-10-21 10:05:29 [INF] inital.go:112 | actionsuccess init config
2020-10-21 10:05:29 [INF] main.go:82 | actionsuccess init http serveraddr:7474
2020-10-21 10:05:29 [INF] cluster.go:13 | 任务计划参数->false
2020-10-21 10:05:29 [INF] mux_handle.go:16 | actionstart init service
2020-10-21 10:05:29 [INF] mux_handle.go:32 | actionsuccess init service
2020-10-21 10:08:10 [INF] inital.go:68 | actionstart init config
2020-10-21 10:08:12 [INF] inital.go:112 | actionsuccess init config
2020-10-21 10:08:12 [INF] main.go:82 | actionsuccess init http serveraddr:7474
2020-10-21 10:08:12 [INF] mux_handle.go:16 | actionstart init service
2020-10-21 10:08:12 [INF] cluster.go:13 | 任务计划参数->false
2020-10-21 10:08:12 [INF] mux_handle.go:32 | actionsuccess init service
2020-10-21 10:09:19 [INF] server.go:116 | requestUri:/cluster/v1/podLog?namespace=default&podName=nginx-8548b75d98-bx5vb&previous=false header:{"Accept":["application/json"],"Accept-Encoding":["gzip, deflate, br"],"Accept-Language":["zh-CN,zh;q=0.9"],"Connection":["keep-alive"],"Origin":["http://localhost:7475"],"Referer":["http://localhost:7475/swagger/index.html"],"Sec-Fetch-Dest":["empty"],"Sec-Fetch-Mode":["cors"],"Sec-Fetch-Site":["cross-site"],"User-Agent":["Mozilla/5.0 (Windows NT 10.0; Win64; x64) AppleWebKit/537.36 (KHTML, like Gecko) Chrome/81.0.4044.138 Safari/537.36"]} body:
2020-10-21 10:15:22 [INF] inital.go:68 | actionstart init config
2020-10-21 10:15:24 [INF] inital.go:112 | actionsuccess init config
2020-10-21 10:15:24 [INF] cluster.go:13 | 任务计划参数->false
2020-10-21 10:15:24 [INF] main.go:82 | actionsuccess init http serveraddr:7474
2020-10-21 10:15:24 [INF] mux_handle.go:16 | actionstart init service
2020-10-21 10:15:24 [INF] mux_handle.go:32 | actionsuccess init service
2020-10-21 10:17:55 [INF] server.go:116 | requestUri:/cluster/v1/podLog?namespace=default&podName=nginx-8548b75d98-bx5vb&follow=true&previous=false header:{"Accept":["application/json"],"Accept-Encoding":["gzip, deflate, br"],"Accept-Language":["zh-CN,zh;q=0.9"],"Connection":["keep-alive"],"Origin":["http://localhost:7475"],"Referer":["http://localhost:7475/swagger/index.html"],"Sec-Fetch-Dest":["empty"],"Sec-Fetch-Mode":["cors"],"Sec-Fetch-Site":["cross-site"],"User-Agent":["Mozilla/5.0 (Windows NT 10.0; Win64; x64) AppleWebKit/537.36 (KHTML, like Gecko) Chrome/81.0.4044.138 Safari/537.36"]} body:
2020-10-21 11:19:47 [INF] inital.go:68 | actionstart init config
2020-10-21 11:19:49 [INF] inital.go:112 | actionsuccess init config
2020-10-21 11:19:49 [INF] main.go:82 | actionsuccess init http serveraddr:7474
2020-10-21 11:19:49 [INF] cluster.go:13 | 任务计划参数->false
2020-10-21 11:19:49 [INF] mux_handle.go:16 | actionstart init service
2020-10-21 11:19:49 [INF] mux_handle.go:32 | actionsuccess init service
2020-10-21 11:19:49 [INF] server.go:116 | requestUri:/cluster/v1/podLog?namespace=default&podName=nginx-8548b75d98-bx5vb&follow=true&previous=false header:{"Accept":["application/json"],"Accept-Encoding":["gzip, deflate, br"],"Accept-Language":["zh-CN,zh;q=0.9"],"Connection":["keep-alive"],"Origin":["http://localhost:7475"],"Referer":["http://localhost:7475/swagger/index.html"],"Sec-Fetch-Dest":["empty"],"Sec-Fetch-Mode":["cors"],"Sec-Fetch-Site":["cross-site"],"User-Agent":["Mozilla/5.0 (Windows NT 10.0; Win64; x64) AppleWebKit/537.36 (KHTML, like Gecko) Chrome/81.0.4044.138 Safari/537.36"]} body:
2020-10-21 11:19:54 [ERR] service.go:326 | 获取pod失败,err:Get "https://127.0.0.1:6443/api/v1/namespaces/default/pods/nginx-8548b75d98-bx5vb": dial tcp 127.0.0.1:6443: connectex: No connection could be made because the target machine actively refused it.
2020-10-21 11:20:05 [INF] server.go:116 | requestUri:/cluster/v1/podLog?namespace=default&podName=nginx-8548b75d98-bx5vb&follow=true&previous=false header:{"Accept":["application/json"],"Accept-Encoding":["gzip, deflate, br"],"Accept-Language":["zh-CN,zh;q=0.9"],"Connection":["keep-alive"],"Origin":["http://localhost:7475"],"Referer":["http://localhost:7475/swagger/index.html"],"Sec-Fetch-Dest":["empty"],"Sec-Fetch-Mode":["cors"],"Sec-Fetch-Site":["cross-site"],"User-Agent":["Mozilla/5.0 (Windows NT 10.0; Win64; x64) AppleWebKit/537.36 (KHTML, like Gecko) Chrome/81.0.4044.138 Safari/537.36"]} body:
2020-10-21 11:20:31 [INF] inital.go:68 | actionstart init config
2020-10-21 11:20:33 [INF] inital.go:112 | actionsuccess init config
2020-10-21 11:20:33 [INF] main.go:82 | actionsuccess init http serveraddr:7474
2020-10-21 11:20:33 [INF] cluster.go:13 | 任务计划参数->false
2020-10-21 11:20:33 [INF] mux_handle.go:16 | actionstart init service
2020-10-21 11:20:33 [INF] mux_handle.go:32 | actionsuccess init service
2020-10-21 11:20:33 [INF] server.go:116 | requestUri:/cluster/v1/podLog?namespace=default&podName=nginx-8548b75d98-bx5vb&follow=false&previous=false header:{"Accept":["application/json"],"Accept-Encoding":["gzip, deflate, br"],"Accept-Language":["zh-CN,zh;q=0.9"],"Connection":["keep-alive"],"Origin":["http://localhost:7475"],"Referer":["http://localhost:7475/swagger/index.html"],"Sec-Fetch-Dest":["empty"],"Sec-Fetch-Mode":["cors"],"Sec-Fetch-Site":["cross-site"],"User-Agent":["Mozilla/5.0 (Windows NT 10.0; Win64; x64) AppleWebKit/537.36 (KHTML, like Gecko) Chrome/81.0.4044.138 Safari/537.36"]} body:
2020-10-21 14:15:14 [INF] server.go:116 | requestUri:/cluster/v1/nodes header:{"Accept":["application/json"],"Accept-Encoding":["gzip, deflate, br"],"Accept-Language":["zh-CN,zh;q=0.9"],"Connection":["keep-alive"],"Content-Length":["0"],"Origin":["http://localhost:7475"],"Referer":["http://localhost:7475/swagger/index.html"],"Sec-Fetch-Dest":["empty"],"Sec-Fetch-Mode":["cors"],"Sec-Fetch-Site":["cross-site"],"User-Agent":["Mozilla/5.0 (Windows NT 10.0; Win64; x64) AppleWebKit/537.36 (KHTML, like Gecko) Chrome/81.0.4044.138 Safari/537.36"]} body:
2020-10-21 14:24:12 [INF] inital.go:68 | actionstart init config
2020-10-21 14:24:14 [INF] inital.go:112 | actionsuccess init config
2020-10-21 14:24:14 [INF] cluster.go:13 | 任务计划参数->false
2020-10-21 14:24:14 [INF] mux_handle.go:16 | actionstart init service
2020-10-21 14:24:14 [INF] main.go:82 | actionsuccess init http serveraddr:7474
2020-10-21 14:24:14 [INF] mux_handle.go:32 | actionsuccess init service
2020-10-21 14:25:41 [INF] inital.go:68 | actionstart init config
2020-10-21 14:25:43 [INF] inital.go:112 | actionsuccess init config
2020-10-21 14:25:43 [INF] main.go:82 | actionsuccess init http serveraddr:7474
2020-10-21 14:25:43 [INF] cluster.go:13 | 任务计划参数->false
2020-10-21 14:25:43 [INF] mux_handle.go:16 | actionstart init service
2020-10-21 14:25:43 [INF] mux_handle.go:32 | actionsuccess init service
2020-10-21 14:26:42 [INF] server.go:116 | requestUri:/cluster/v1/nodes header:{"Accept":["application/json"],"Accept-Encoding":["gzip, deflate, br"],"Accept-Language":["zh-CN,zh;q=0.9"],"Connection":["keep-alive"],"Content-Length":["0"],"Origin":["http://localhost:7475"],"Referer":["http://localhost:7475/swagger/index.html"],"Sec-Fetch-Dest":["empty"],"Sec-Fetch-Mode":["cors"],"Sec-Fetch-Site":["cross-site"],"User-Agent":["Mozilla/5.0 (Windows NT 10.0; Win64; x64) AppleWebKit/537.36 (KHTML, like Gecko) Chrome/81.0.4044.138 Safari/537.36"]} body:
2020-10-21 14:26:42 [DBG] service.go:134 | 获取节点列表失败,err:Get "https://127.0.0.1:6443/api/v1/nodes": x509: certificate signed by unknown authority (possibly because of "crypto/rsa: verification error" while trying to verify candidate authority certificate "kubernetes")
2020-10-21 14:27:04 [INF] server.go:116 | requestUri:/cluster/v1/nodes header:{"Accept":["application/json"],"Accept-Encoding":["gzip, deflate, br"],"Accept-Language":["zh-CN,zh;q=0.9"],"Connection":["keep-alive"],"Content-Length":["0"],"Origin":["http://localhost:7475"],"Referer":["http://localhost:7475/swagger/index.html"],"Sec-Fetch-Dest":["empty"],"Sec-Fetch-Mode":["cors"],"Sec-Fetch-Site":["cross-site"],"User-Agent":["Mozilla/5.0 (Windows NT 10.0; Win64; x64) AppleWebKit/537.36 (KHTML, like Gecko) Chrome/81.0.4044.138 Safari/537.36"]} body:
2020-10-21 14:27:06 [DBG] service.go:134 | 获取节点列表失败,err:Get "https://127.0.0.1:6443/api/v1/nodes": dial tcp 127.0.0.1:6443: connectex: No connection could be made because the target machine actively refused it.
2020-10-21 14:27:14 [INF] server.go:116 | requestUri:/cluster/v1/nodes header:{"Accept":["application/json"],"Accept-Encoding":["gzip, deflate, br"],"Accept-Language":["zh-CN,zh;q=0.9"],"Connection":["keep-alive"],"Content-Length":["0"],"Origin":["http://localhost:7475"],"Referer":["http://localhost:7475/swagger/index.html"],"Sec-Fetch-Dest":["empty"],"Sec-Fetch-Mode":["cors"],"Sec-Fetch-Site":["cross-site"],"User-Agent":["Mozilla/5.0 (Windows NT 10.0; Win64; x64) AppleWebKit/537.36 (KHTML, like Gecko) Chrome/81.0.4044.138 Safari/537.36"]} body:
2020-10-21 14:27:59 [INF] inital.go:68 | actionstart init config
2020-10-21 14:28:01 [INF] inital.go:112 | actionsuccess init config
2020-10-21 14:28:01 [INF] cluster.go:13 | 任务计划参数->false
2020-10-21 14:28:01 [INF] main.go:82 | actionsuccess init http serveraddr:7474
2020-10-21 14:28:01 [INF] mux_handle.go:16 | actionstart init service
2020-10-21 14:28:01 [INF] mux_handle.go:32 | actionsuccess init service
2020-10-21 14:28:01 [INF] server.go:116 | requestUri:/cluster/v1/nodes header:{"Accept":["application/json"],"Accept-Encoding":["gzip, deflate, br"],"Accept-Language":["zh-CN,zh;q=0.9"],"Connection":["keep-alive"],"Content-Length":["0"],"Origin":["http://localhost:7475"],"Referer":["http://localhost:7475/swagger/index.html"],"Sec-Fetch-Dest":["empty"],"Sec-Fetch-Mode":["cors"],"Sec-Fetch-Site":["cross-site"],"User-Agent":["Mozilla/5.0 (Windows NT 10.0; Win64; x64) AppleWebKit/537.36 (KHTML, like Gecko) Chrome/81.0.4044.138 Safari/537.36"]} body:
2020-10-21 14:28:30 [INF] server.go:116 | requestUri:/cluster/v1/node?name=lgy.localdomain header:{"Accept":["application/json"],"Accept-Encoding":["gzip, deflate, br"],"Accept-Language":["zh-CN,zh;q=0.9"],"Connection":["keep-alive"],"Origin":["http://localhost:7475"],"Referer":["http://localhost:7475/swagger/index.html"],"Sec-Fetch-Dest":["empty"],"Sec-Fetch-Mode":["cors"],"Sec-Fetch-Site":["cross-site"],"User-Agent":["Mozilla/5.0 (Windows NT 10.0; Win64; x64) AppleWebKit/537.36 (KHTML, like Gecko) Chrome/81.0.4044.138 Safari/537.36"]} body:
2020-10-21 16:32:42 [INF] inital.go:68 | actionstart init config
2020-10-21 16:32:44 [INF] inital.go:112 | actionsuccess init config
2020-10-21 16:32:44 [INF] main.go:82 | actionsuccess init http serveraddr:7474
2020-10-21 16:32:44 [INF] cluster.go:13 | 任务计划参数->false
2020-10-21 16:32:44 [INF] mux_handle.go:16 | actionstart init service
2020-10-21 16:32:44 [INF] mux_handle.go:33 | actionsuccess init service
2020-10-21 16:37:02 [INF] inital.go:68 | actionstart init config
2020-10-21 16:37:04 [INF] inital.go:112 | actionsuccess init config
2020-10-21 16:37:04 [INF] main.go:82 | actionsuccess init http serveraddr:7474
2020-10-21 16:37:04 [INF] cluster.go:13 | 任务计划参数->false
2020-10-21 16:37:04 [INF] mux_handle.go:16 | actionstart init service
2020-10-21 16:37:04 [INF] mux_handle.go:33 | actionsuccess init service
2020-10-21 16:49:09 [INF] inital.go:68 | actionstart init config
2020-10-21 16:49:11 [INF] inital.go:112 | actionsuccess init config
2020-10-21 16:49:11 [INF] cluster.go:13 | 任务计划参数->false
2020-10-21 16:49:11 [INF] main.go:82 | actionsuccess init http serveraddr:7474
2020-10-21 16:49:11 [INF] mux_handle.go:16 | actionstart init service
2020-10-21 16:49:11 [INF] mux_handle.go:33 | actionsuccess init service
2020-10-21 16:52:51 [INF] inital.go:68 | actionstart init config
2020-10-21 16:52:53 [INF] inital.go:112 | actionsuccess init config
2020-10-21 16:52:53 [INF] cluster.go:13 | 任务计划参数->false
2020-10-21 16:52:53 [INF] mux_handle.go:16 | actionstart init service
2020-10-21 16:52:53 [INF] main.go:82 | actionsuccess init http serveraddr:7474
2020-10-21 16:52:53 [INF] mux_handle.go:33 | actionsuccess init service
2020-10-21 16:55:59 [INF] inital.go:68 | actionstart init config
2020-10-21 16:56:01 [INF] inital.go:112 | actionsuccess init config
2020-10-21 16:56:01 [INF] cluster.go:13 | 任务计划参数->false
2020-10-21 16:56:01 [INF] main.go:82 | actionsuccess init http serveraddr:7474
2020-10-21 16:56:01 [INF] mux_handle.go:16 | actionstart init service
2020-10-21 16:56:01 [INF] mux_handle.go:33 | actionsuccess init service
2020-10-21 17:04:28 [INF] inital.go:68 | actionstart init config
2020-10-21 17:04:30 [INF] inital.go:112 | actionsuccess init config
2020-10-21 17:04:30 [INF] main.go:82 | actionsuccess init http serveraddr:7474
2020-10-21 17:04:30 [INF] cluster.go:13 | 任务计划参数->false
2020-10-21 17:04:30 [INF] mux_handle.go:16 | actionstart init service
2020-10-21 17:04:30 [INF] mux_handle.go:33 | actionsuccess init service
2020-10-21 17:05:47 [INF] inital.go:68 | actionstart init config
2020-10-21 17:05:49 [INF] inital.go:112 | actionsuccess init config
2020-10-21 17:05:49 [INF] cluster.go:13 | 任务计划参数->false
2020-10-21 17:05:49 [INF] main.go:82 | actionsuccess init http serveraddr:7474
2020-10-21 17:05:49 [INF] mux_handle.go:16 | actionstart init service
2020-10-21 17:05:49 [INF] mux_handle.go:33 | actionsuccess init service
2020-10-21 17:12:47 [INF] inital.go:68 | actionstart init config
2020-10-21 17:12:49 [INF] inital.go:112 | actionsuccess init config
2020-10-21 17:12:49 [INF] cluster.go:13 | 任务计划参数->false
2020-10-21 17:12:49 [INF] main.go:82 | actionsuccess init http serveraddr:7474
2020-10-21 17:12:49 [INF] mux_handle.go:16 | actionstart init service
2020-10-21 17:12:49 [INF] mux_handle.go:33 | actionsuccess init service
2020-10-21 17:17:08 [INF] inital.go:68 | actionstart init config
2020-10-21 17:17:10 [INF] inital.go:112 | actionsuccess init config
2020-10-21 17:17:10 [INF] cluster.go:13 | 任务计划参数->false
2020-10-21 17:17:10 [INF] mux_handle.go:16 | actionstart init service
2020-10-21 17:17:10 [INF] main.go:82 | actionsuccess init http serveraddr:7474
2020-10-21 17:17:10 [INF] mux_handle.go:33 | actionsuccess init service
2020-10-22 09:47:31 [INF] inital.go:68 | actionstart init config
2020-10-22 09:47:33 [INF] inital.go:112 | actionsuccess init config
2020-10-22 09:47:33 [INF] cluster.go:13 | 任务计划参数->false
2020-10-22 09:47:33 [INF] mux_handle.go:16 | actionstart init service
2020-10-22 09:47:33 [INF] main.go:82 | actionsuccess init http serveraddr:7474
2020-10-22 09:47:33 [INF] mux_handle.go:33 | actionsuccess init service
2020-10-22 09:51:51 [INF] inital.go:68 | actionstart init config
2020-10-22 09:51:53 [INF] inital.go:112 | actionsuccess init config
2020-10-22 09:51:53 [INF] main.go:82 | actionsuccess init http serveraddr:7474
2020-10-22 09:51:53 [INF] cluster.go:13 | 任务计划参数->false
2020-10-22 09:51:53 [INF] mux_handle.go:16 | actionstart init service
2020-10-22 09:51:53 [INF] mux_handle.go:33 | actionsuccess init service
2020-10-22 09:55:21 [INF] inital.go:68 | actionstart init config
2020-10-22 09:55:23 [INF] inital.go:112 | actionsuccess init config
2020-10-22 09:55:23 [INF] cluster.go:13 | 任务计划参数->false
2020-10-22 09:55:23 [INF] main.go:82 | actionsuccess init http serveraddr:7474
2020-10-22 09:55:23 [INF] mux_handle.go:16 | actionstart init service
2020-10-22 09:55:23 [INF] mux_handle.go:33 | actionsuccess init service
2020-10-22 09:57:32 [INF] inital.go:68 | actionstart init config
2020-10-22 09:57:34 [INF] inital.go:112 | actionsuccess init config
2020-10-22 09:57:34 [INF] cluster.go:13 | 任务计划参数->false
2020-10-22 09:57:34 [INF] mux_handle.go:16 | actionstart init service
2020-10-22 09:57:34 [INF] main.go:82 | actionsuccess init http serveraddr:7474
2020-10-22 09:57:34 [INF] mux_handle.go:33 | actionsuccess init service
2020-10-22 09:58:55 [INF] inital.go:68 | actionstart init config
2020-10-22 09:58:57 [INF] inital.go:112 | actionsuccess init config
2020-10-22 09:58:57 [INF] cluster.go:13 | 任务计划参数->false
2020-10-22 09:58:57 [INF] main.go:82 | actionsuccess init http serveraddr:7474
2020-10-22 09:58:57 [INF] mux_handle.go:16 | actionstart init service
2020-10-22 09:58:57 [INF] mux_handle.go:33 | actionsuccess init service
2020-10-22 09:59:47 [INF] inital.go:68 | actionstart init config
2020-10-22 09:59:49 [INF] inital.go:112 | actionsuccess init config
2020-10-22 09:59:49 [INF] cluster.go:13 | 任务计划参数->false
2020-10-22 09:59:49 [INF] main.go:82 | actionsuccess init http serveraddr:7474
2020-10-22 09:59:49 [INF] mux_handle.go:16 | actionstart init service
2020-10-22 09:59:49 [INF] mux_handle.go:33 | actionsuccess init service
2020-10-22 10:02:54 [INF] inital.go:68 | actionstart init config
2020-10-22 10:02:56 [INF] inital.go:112 | actionsuccess init config
2020-10-22 10:02:56 [INF] cluster.go:13 | 任务计划参数->false
2020-10-22 10:02:56 [INF] main.go:82 | actionsuccess init http serveraddr:7474
2020-10-22 10:02:56 [INF] mux_handle.go:16 | actionstart init service
2020-10-22 10:02:56 [INF] mux_handle.go:33 | actionsuccess init service
2020-10-22 10:03:29 [INF] main.go:70 | actionshutdown http server
2020-10-22 10:03:29 [ERR] main.go:60 | actioninit http server fatalerrhttp: Server closed
2020-10-22 10:03:29 [INF] main.go:85 | actiongraceful exit
2020-10-22 11:09:49 [INF] inital.go:68 | actionstart init config
2020-10-22 11:09:51 [INF] inital.go:112 | actionsuccess init config
2020-10-22 11:09:51 [INF] main.go:82 | actionsuccess init http serveraddr:7474
2020-10-22 11:09:51 [INF] cluster.go:13 | 任务计划参数->false
2020-10-22 11:09:51 [INF] mux_handle.go:16 | actionstart init service
2020-10-22 11:09:51 [INF] mux_handle.go:33 | actionsuccess init service
2020-10-22 11:11:00 [INF] inital.go:68 | actionstart init config
2020-10-22 11:11:02 [INF] inital.go:112 | actionsuccess init config
2020-10-22 11:11:02 [INF] main.go:82 | actionsuccess init http serveraddr:7474
2020-10-22 11:11:02 [INF] cluster.go:13 | 任务计划参数->false
2020-10-22 11:11:02 [INF] mux_handle.go:16 | actionstart init service
2020-10-22 11:11:02 [INF] mux_handle.go:33 | actionsuccess init service
2020-10-22 11:11:57 [INF] server.go:116 | requestUri:/cluster/v1/nodes header:{"Accept":["application/json"],"Accept-Encoding":["gzip, deflate, br"],"Accept-Language":["zh-CN,zh;q=0.9"],"Connection":["keep-alive"],"Content-Length":["0"],"Origin":["http://localhost:7475"],"Referer":["http://localhost:7475/swagger/index.html"],"Sec-Fetch-Dest":["empty"],"Sec-Fetch-Mode":["cors"],"Sec-Fetch-Site":["cross-site"],"User-Agent":["Mozilla/5.0 (Windows NT 10.0; Win64; x64) AppleWebKit/537.36 (KHTML, like Gecko) Chrome/81.0.4044.138 Safari/537.36"]} body:
2020-10-22 11:12:37 [INF] inital.go:68 | actionstart init config
2020-10-22 11:12:39 [INF] inital.go:112 | actionsuccess init config
2020-10-22 11:12:39 [INF] cluster.go:13 | 任务计划参数->false
2020-10-22 11:12:39 [INF] main.go:82 | actionsuccess init http serveraddr:7474
2020-10-22 11:12:39 [INF] mux_handle.go:16 | actionstart init service
2020-10-22 11:12:39 [INF] mux_handle.go:33 | actionsuccess init service
2020-10-22 11:12:40 [INF] server.go:116 | requestUri:/cluster/v1/nodes header:{"Accept":["application/json"],"Accept-Encoding":["gzip, deflate, br"],"Accept-Language":["zh-CN,zh;q=0.9"],"Connection":["keep-alive"],"Content-Length":["0"],"Origin":["http://localhost:7475"],"Referer":["http://localhost:7475/swagger/index.html"],"Sec-Fetch-Dest":["empty"],"Sec-Fetch-Mode":["cors"],"Sec-Fetch-Site":["cross-site"],"User-Agent":["Mozilla/5.0 (Windows NT 10.0; Win64; x64) AppleWebKit/537.36 (KHTML, like Gecko) Chrome/81.0.4044.138 Safari/537.36"]} body:
2020-10-22 17:30:38 [INF] inital.go:68 | actionstart init config
2020-10-22 17:30:40 [INF] inital.go:112 | actionsuccess init config
2020-10-22 17:30:40 [INF] main.go:82 | actionsuccess init http serveraddr:7474
2020-10-22 17:30:40 [INF] cluster.go:13 | 任务计划参数->false
2020-10-22 17:30:40 [INF] mux_handle.go:16 | actionstart init service
2020-10-22 17:30:40 [INF] mux_handle.go:33 | actionsuccess init service
2020-10-22 17:31:15 [INF] server.go:116 | requestUri:/cluster/v1/node?name=edgenode1-3 header:{"Accept":["application/json"],"Accept-Encoding":["gzip, deflate, br"],"Accept-Language":["zh-CN,zh;q=0.9"],"Connection":["keep-alive"],"Origin":["http://localhost:7475"],"Referer":["http://localhost:7475/swagger/index.html"],"Sec-Fetch-Dest":["empty"],"Sec-Fetch-Mode":["cors"],"Sec-Fetch-Site":["cross-site"],"User-Agent":["Mozilla/5.0 (Windows NT 10.0; Win64; x64) AppleWebKit/537.36 (KHTML, like Gecko) Chrome/81.0.4044.138 Safari/537.36"]} body:
2020-10-23 13:09:38 [INF] inital.go:68 | actionstart init config
2020-10-23 13:09:40 [INF] inital.go:112 | actionsuccess init config
2020-10-23 13:09:40 [INF] main.go:82 | actionsuccess init http serveraddr:7474
2020-10-23 13:09:40 [INF] cluster.go:13 | 任务计划参数->false
2020-10-23 13:09:40 [INF] mux_handle.go:16 | actionstart init service
2020-10-23 13:09:40 [INF] mux_handle.go:33 | actionsuccess init service
